2017-03-31 05:02:45
ERROR User  failed to log in.
2017-03-31 05:02:58
ERROR User  failed to log in.
2017-03-31 05:03:04
ERROR User Joshua failed to log in.
2017-03-31 05:11:05
INFO User guest logged in.
2017-03-31 05:13:11
INFO User guest logged in.
2017-03-31 05:13:18
INFO User guest logged in.
2017-03-31 05:14:34
INFO User guest logged in.
2017-03-31 05:14:44
INFO User guest logged in.
2017-03-31 05:18:01
INFO User guest logged in.
2017-03-31 05:18:07
ERROR User Joshua failed to log in.
2017-03-31 05:18:12
INFO User guest logged in.
2017-03-31 05:18:18
ERROR User Guest failed to log in.
2017-03-31 05:18:44
INFO User guest logged in.
2017-03-31 05:19:11
INFO User guest logged in.
2017-03-31 05:19:15
INFO User guest logged in.
2017-03-31 05:19:19
INFO User guest logged in.
2017-03-31 05:19:41
INFO User guest logged in.
2017-03-31 05:19:44
INFO User guest logged in.
2017-03-31 05:20:06
INFO User guest logged in.
2017-03-31 05:22:10
INFO User guest logged in.
2017-03-31 05:22:14
INFO User guest logged in.
2017-03-31 05:26:05
ERROR User  failed to log in.
2017-03-31 05:26:22
ERROR User  failed to log in.
2017-03-31 05:35:06
INFO User guest logged in.
2017-03-31 05:35:11
INFO User guest logged in.
2017-03-31 05:35:17
ERROR User guetsfdsfs failed to log in.
2017-03-31 05:36:59
INFO User guest logged in.
2017-03-31 05:37:05
ERROR User  failed to log in.
2017-03-31 06:44:40
ERROR User  failed to log in.
2017-03-31 06:45:07
ERROR User  failed to log in.
2017-03-31 06:45:16
ERROR User  failed to log in.
2017-03-31 06:45:23
ERROR User  failed to log in.
2017-03-31 06:45:28
ERROR User  failed to log in.
2017-03-31 06:45:41
ERROR User  failed to log in.
2017-03-31 06:46:20
ERROR User  failed to log in.
2017-03-31 06:46:59
ERROR User  failed to log in.
2017-03-31 06:47:10
ERROR User  failed to log in.
2017-03-31 06:47:43
ERROR User  failed to log in.
2017-03-31 06:47:52
ERROR User  failed to log in.
2017-03-31 06:47:56
ERROR User  failed to log in.
2017-03-31 06:48:02
ERROR User  failed to log in.
2017-03-31 06:48:31
ERROR User  failed to log in.
2017-03-31 06:48:38
ERROR User  failed to log in.
2017-03-31 06:48:44
ERROR User  failed to log in.
2017-03-31 06:49:01
ERROR User  failed to log in.
2017-03-31 06:49:47
ERROR User  failed to log in.
2017-03-31 06:49:52
INFO User guest logged in.
2017-03-31 06:55:42
ERROR User  failed to log in.
2017-03-31 06:55:48
INFO User guest logged in.
2017-03-31 06:55:51
ERROR User  failed to log in.
2017-03-31 06:57:05
ERROR User josh failed to log in.
2017-03-31 07:02:48
INFO User guest logged in.
2017-03-31 07:02:50
ERROR User  failed to log in.
2017-03-31 07:04:35
INFO User guest logged in.
2017-03-31 07:06:26
ERROR User  failed to log in.
2017-03-31 07:06:34
ERROR User  failed to log in.
2017-03-31 07:06:50
ERROR User  failed to log in.
2017-03-31 07:06:58
INFO User guest logged in.
2017-03-31 07:07:21
ERROR User  failed to log in.
2017-03-31 07:07:23
ERROR User  failed to log in.
2017-03-31 07:07:28
INFO User guest logged in.
2017-03-31 07:07:29
ERROR User  failed to log in.
2017-03-31 07:09:26
INFO User guest logged in.
2017-03-31 07:10:19
ERROR User  failed to log in.
2017-03-31 07:10:22
INFO User guest logged in.
2017-03-31 07:10:24
ERROR User  failed to log in.
2017-03-31 07:14:51
INFO User guest logged in.
2017-03-31 07:14:53
ERROR User  failed to log in.
2017-03-31 07:15:03
INFO User guest logged in.
2017-03-31 07:15:05
ERROR User  failed to log in.
2017-03-31 07:18:01
ERROR User  failed to log in.
2017-03-31 07:18:05
INFO User guest logged in.
2017-03-31 07:18:06
ERROR User  failed to log in.
2017-03-31 07:18:30
ERROR User  failed to log in.
2017-03-31 07:18:39
INFO User guest logged in.
2017-03-31 07:18:42
ERROR User  failed to log in.
2017-03-31 07:19:30
INFO User guest logged in.
2017-03-31 07:19:31
ERROR User  failed to log in.
2017-03-31 07:20:56
INFO User guest logged in.
2017-03-31 07:21:15
ERROR User  failed to log in.
2017-03-31 07:21:17
ERROR User  failed to log in.
2017-03-31 07:21:21
ERROR User  failed to log in.
2017-03-31 07:21:36
INFO User guest logged in.
2017-03-31 07:21:39
ERROR User  failed to log in.
2017-03-31 07:23:38
INFO User guest logged in.
2017-03-31 07:25:33
ERROR User  failed to log in.
2017-03-31 07:25:38
INFO User guest logged in.
2017-03-31 07:26:51
ERROR User  failed to log in.
2017-03-31 07:26:55
INFO User guest logged in.
2017-03-31 07:27:29
ERROR User  failed to log in.
2017-03-31 07:27:33
INFO User guest logged in.
2017-03-31 07:27:36
ERROR User  failed to log in.
2017-03-31 07:30:03
INFO User guest logged in.
2017-03-31 07:30:05
ERROR User  failed to log in.
2017-03-31 08:03:02
INFO User guest logged in.
2017-03-31 08:03:05
ERROR User  failed to log in.
